<?xml version="1.0" encoding="UTF-8"?>
<!-- Generated by org.testng.reporters.JUnitReportReporter -->
<testsuite skipped="1" hostname="ADMIN-PC" name="com.prj.org.sample" tests="5" failures="0" timestamp="14 Jun 2017 10:47:51 GMT" time="42.542" errors="0">
  <testcase name="second" time="7.523" classname="com.prj.org.sample"/>
  <testcase name="third" time="6.779" classname="com.prj.org.sample"/>
  <testcase name="fifth" time="8.460" classname="com.prj.org.sample"/>
  <testcase name="sixth" time="19.780" classname="com.prj.org.sample"/>
  <testcase name="fourth" classname="com.prj.org.sample">
    <skipped/>
  </testcase> <!-- fourth -->
</testsuite> <!-- com.prj.org.sample -->
